================================================================================
AutoTest AI — Structured Failure Log
================================================================================
Session ID:     SESSION_20250331_090012
Test Suite:     IVI_Media_Bluetooth_TestSuite
IVI Build:      IVI_v5.3.2-rc4_20250329
Environment:    HiL_Bench_03 | Ubuntu 22.04 | Python 3.11.4
Generated:      2025-03-31 09:00:12 UTC
================================================================================

[SUITE START] IVI_Media_Bluetooth_TestSuite
[09:00:12.001] INFO    :: Suite setup started
[09:00:12.445] INFO    :: IVI system connection established: 192.168.1.100:8080
[09:00:13.102] INFO    :: IVI ready state confirmed (boot time: 1.1s)
[09:00:13.103] INFO    :: Screenshot directory: outputs/screenshots/SESSION_20250331_090012/
[09:00:13.104] INFO    :: Log directory: outputs/logs/SESSION_20250331_090012/

────────────────────────────────────────────────────────────────────────────────
[09:00:13.200] TEST    :: TC_245963_POS — Media Playback Unsupported Files
[09:00:13.201] INFO    :: Mounting USB with 5 supported + 3 unsupported files
[09:00:14.103] INFO    :: Navigating to Media → USB → Browse
[09:00:14.890] INFO    :: File selected: audio_01.flac (unsupported)
[09:00:14.891] INFO    :: Play initiated — starting skip timer
[09:00:17.945] INFO    :: Skip event detected at T=3.054s ✓
[09:00:17.946] ASSERT  :: elapsed=3.054s | expected=2.5–3.5s → PASS ✓
[09:00:18.201] INFO    :: Previous button pressed
[09:00:18.890] ASSERT  :: playback_state=PLAYING | track=song_05.ogg → PASS ✓
[09:00:19.001] PASS    :: TC_245963_POS completed in 5.8s
[09:00:19.002] INFO    :: Screenshot: TC_245963_POS_PASS_20250331_090019.png

────────────────────────────────────────────────────────────────────────────────
[09:00:19.100] TEST    :: TC_245963_NEG — Corrupted Unsupported File Handling
[09:00:19.101] INFO    :: Loading corrupted file: corrupt.flac (size=0 bytes)
[09:00:19.450] INFO    :: Play initiated
[09:00:19.812] ERROR   :: *** UNEXPECTED BEHAVIOR DETECTED ***
[09:00:19.813] ERROR   :: Expected: ERROR_MESSAGE_DISPLAYED="File format not supported"
[09:00:19.814] ERROR   :: Actual:   UI froze for 2.3s before displaying error
[09:00:19.815] ERROR   :: UI freeze duration: 2317ms (threshold: 500ms)
[09:00:19.816] CAPTURE :: Screenshot saved: FAIL_TC_245963_NEG_step3_20250331_090019.png
[09:00:19.817] TRACE   :: StackTrace:
                           File: media_player_core.cpp:447
                           Function: MediaPlayer::loadUnsupportedFormat()
                           Error: NullPointerException — codec handle not released
                           Thread: media_thread_0x7f3a (blocked)
[09:00:22.134] ERROR   :: Test teardown: system reset required
[09:00:22.890] FAIL    :: TC_245963_NEG FAILED — UI freeze on corrupted file load
[09:00:22.891] DEFECT  :: AutoTest-DEFECT-2025-0331-001
                           Summary: Media player freezes 2.3s on corrupted FLAC
                           Severity: Medium
                           Component: media_player_core.cpp:447
                           Reproduction: 100% (tested 3/3 times)

────────────────────────────────────────────────────────────────────────────────
[09:00:23.000] TEST    :: TC_245963_EDGE — Skip At Exactly 3.0s Boundary
[09:00:23.001] INFO    :: Injecting unsupported file signal at T=3.0s
[09:00:26.082] INFO    :: Skip event measured at T=3.021s
[09:00:26.083] ASSERT  :: 3.021 >= 3.0 → PASS ✓
[09:00:26.084] ASSERT  :: 3.021 <= 3.2 → PASS ✓
[09:00:26.300] PASS    :: TC_245963_EDGE completed in 3.3s

────────────────────────────────────────────────────────────────────────────────
[09:00:26.400] TEST    :: TC_245964_POS — Bluetooth Pairing PIN Confirmation
[09:00:26.401] INFO    :: Enabling BT discovery
[09:00:27.890] INFO    :: Device found: TestPhone_BT (AA:BB:CC:DD:EE:FF) at T=1.49s ✓
[09:00:28.012] INFO    :: Pairing initiated
[09:00:28.445] INFO    :: PIN displayed: 7392
[09:00:28.446] ASSERT  :: PIN format "7392" matches ^[0-9]{4}$ → PASS ✓
[09:00:29.012] INFO    :: PIN confirmed on remote device
[09:00:29.890] ASSERT  :: connection_status=CONNECTED → PASS ✓
[09:00:29.891] PASS    :: TC_245964_POS completed in 3.5s

────────────────────────────────────────────────────────────────────────────────
[09:00:29.900] TEST    :: TC_245964_NEG — Wrong PIN Rejection
[09:00:30.012] INFO    :: Entering wrong PIN: 0000
[09:00:31.445] ASSERT  :: pairing_failed=TRUE → PASS ✓
[09:00:31.446] ASSERT  :: error_message="Incorrect PIN" → PASS ✓
[09:00:31.447] PASS    :: TC_245964_NEG completed in 1.5s

────────────────────────────────────────────────────────────────────────────────
[09:00:31.500] TEST    :: TC_245965_POS — GPS Fix Within 30s
[09:00:31.501] INFO    :: Simulating open sky conditions
[09:00:31.502] INFO    :: GPS acquisition started
[09:00:43.112] INFO    :: GPS fix acquired at T=11.61s ✓
[09:00:43.113] ASSERT  :: 11.61 <= 30.0 → PASS ✓
[09:00:43.114] ASSERT  :: signal_strength=4 bars (min=3) → PASS ✓
[09:00:43.300] PASS    :: TC_245965_POS completed in 11.8s

================================================================================
SUITE SUMMARY
================================================================================
Total Tests:    6
Passed:         5  (83.3%)
Failed:         1  (16.7%)
Skipped:        0

Total Duration: 30.1s
Avg Per Test:   5.02s

FAILED TESTS:
  ✗ TC_245963_NEG — UI freeze 2317ms on corrupted FLAC load
    → Defect: AutoTest-DEFECT-2025-0331-001
    → Screenshot: FAIL_TC_245963_NEG_step3_20250331_090019.png
    → Trace: outputs/logs/traces/TC_245963_NEG_error_trace.json

SCREENSHOTS CAPTURED:
  outputs/screenshots/SESSION_20250331_090012/
  ├── TC_245963_POS_PASS_20250331_090019.png
  ├── FAIL_TC_245963_NEG_step3_20250331_090019.png
  ├── TC_245963_EDGE_PASS_20250331_090026.png
  ├── TC_245964_POS_PASS_20250331_090029.png
  ├── TC_245964_NEG_PASS_20250331_090031.png
  └── TC_245965_POS_PASS_20250331_090043.png

TRACEABILITY MATRIX:
  REQ-245963 → [TC_245963_POS ✓] [TC_245963_NEG ✗] [TC_245963_EDGE ✓]
  REQ-245964 → [TC_245964_POS ✓] [TC_245964_NEG ✓] [TC_245964_PERF SKIP]
  REQ-245965 → [TC_245965_POS ✓]

================================================================================
END OF LOG — AutoTest AI Session SESSION_20250331_090012
================================================================================
